# JRE version: OpenJDK Runtime Environment (21.0.10+7) (build 21.0.10+7-Ubuntu-124.04)
# Java VM: OpenJDK 64-Bit Server VM (21.0.10+7-Ubuntu-124.04, mixed mode, sharing, tiered, compressed oops, compressed class ptrs, g1 gc, linux-amd64)
GC Precious Log:
 CardTable entry size: 512
 Card Set container configuration: InlinePtr #cards 5 size 8 Array Of Cards #cards 12 size 40 Howl #buckets 4 coarsen threshold 1843 Howl Bitmap #cards 512 size 80 coarsen threshold 460 Card regions per heap region 1 cards per card region 2048
 CPUs: 8 total, 8 available
 Memory: 3870M
 Large Page Support: Disabled
 NUMA Support: Disabled
 Compressed Oops: Enabled (32-bit)
 Heap Region Size: 1M
 Heap Min Capacity: 8M
 Heap Initial Capacity: 62M
 Heap Max Capacity: 968M
 Pre-touch: Disabled
 Parallel Workers: 8
 Concurrent Workers: 2
 Concurrent Refinement Workers: 8
 Periodic GC: Disabled
Heap:
 garbage-first heap   total 308224K, used 238408K [0x00000000c3800000, 0x0000000100000000)
  region size 1024K, 115 young (117760K), 15 survivors (15360K)
 Metaspace       used 109836K, committed 112768K, reserved 1179648K
  class space    used 13290K, committed 14656K, reserved 1048576K
GC Heap History (20 events):
Event: 180.504 GC heap before
{Heap before GC invocations=46 (full 0):
 garbage-first heap   total 296960K, used 253188K [0x00000000c3800000, 0x0000000100000000)
  region size 1024K, 174 young (178176K), 14 survivors (14336K)
 Metaspace       used 77680K, committed 79168K, reserved 1179648K
  class space    used 9527K, committed 10176K, reserved 1048576K
}
Event: 180.528 GC heap after
{Heap after GC invocations=47 (full 0):
 garbage-first heap   total 296960K, used 93444K [0x00000000c3800000, 0x0000000100000000)
  region size 1024K, 17 young (17408K), 17 survivors (17408K)
 Metaspace       used 77680K, committed 79168K, reserved 1179648K
  class space    used 9527K, committed 10176K, reserved 1048576K
}
Event: 182.617 GC heap before
{Heap before GC invocations=47 (full 0):
 garbage-first heap   total 296960K, used 253188K [0x00000000c3800000, 0x0000000100000000)
  region size 1024K, 174 young (178176K), 17 survivors (17408K)
 Metaspace       used 80169K, committed 81664K, reserved 1179648K
  class space    used 9774K, committed 10432K, reserved 1048576K
}
Event: 182.631 GC heap after
{Heap after GC invocations=48 (full 0):
 garbage-first heap   total 296960K, used 91896K [0x00000000c3800000, 0x0000000100000000)
  region size 1024K, 13 young (13312K), 13 survivors (13312K)
 Metaspace       used 80169K, committed 81664K, reserved 1179648K
  class space    used 9774K, committed 10432K, reserved 1048576K
}
Event: 182.669 GC heap before
{Heap before GC invocations=48 (full 0):
 garbage-first heap   total 296960K, used 94968K [0x00000000c3800000, 0x0000000100000000)
  region size 1024K, 18 young (18432K), 13 survivors (13312K)
 Metaspace       used 80506K, committed 82048K, reserved 1179648K
  class space    used 9809K, committed 10432K, reserved 1048576K
}
Event: 182.686 GC heap after
{Heap after GC invocations=49 (full 0):
 garbage-first heap   total 296960K, used 92815K [0x00000000c3800000, 0x0000000100000000)
  region size 1024K, 9 young (9216K), 9 survivors (9216K)
 Metaspace       used 80506K, committed 82048K, reserved 1179648K
  class space    used 9809K, committed 10432K, reserved 1048576K
}
Event: 309.904 GC heap before
{Heap before GC invocations=50 (full 0):
 garbage-first heap   total 296960K, used 263823K [0x00000000c3800000, 0x0000000100000000)
  region size 1024K, 174 young (178176K), 9 survivors (9216K)
 Metaspace       used 92516K, committed 94272K, reserved 1179648K
  class space    used 11096K, committed 11904K, reserved 1048576K
}
Event: 309.926 GC heap after
{Heap after GC invocations=51 (full 0):
 garbage-first heap   total 296960K, used 102783K [0x00000000c3800000, 0x0000000100000000)
  region size 1024K, 19 young (19456K), 19 survivors (19456K)
 Metaspace       used 92516K, committed 94272K, reserved 1179648K
  class space    used 11096K, committed 11904K, reserved 1048576K
}
Event: 392.290 GC heap before
{Heap before GC invocations=51 (full 0):
 garbage-first heap   total 296960K, used 260479K [0x00000000c3800000, 0x0000000100000000)
  region size 1024K, 174 young (178176K), 19 survivors (19456K)
 Metaspace       used 94486K, committed 96384K, reserved 1179648K
  class space    used 11302K, committed 12160K, reserved 1048576K
}
Event: 392.334 GC heap after
{Heap after GC invocations=52 (full 0):
 garbage-first heap   total 296960K, used 109990K [0x00000000c3800000, 0x0000000100000000)
  region size 1024K, 21 young (21504K), 21 survivors (21504K)
 Metaspace       used 94486K, committed 96384K, reserved 1179648K
  class space    used 11302K, committed 12160K, reserved 1048576K
}
Event: 392.666 GC heap before
{Heap before GC invocations=52 (full 0):
 garbage-first heap   total 296960K, used 124326K [0x00000000c3800000, 0x0000000100000000)
  region size 1024K, 37 young (37888K), 21 survivors (21504K)
 Metaspace       used 94535K, committed 96448K, reserved 1179648K
  class space    used 11310K, committed 12160K, reserved 1048576K
}
Event: 392.732 GC heap after
{Heap after GC invocations=53 (full 0):
 garbage-first heap   total 296960K, used 111256K [0x00000000c3800000, 0x0000000100000000)
  region size 1024K, 12 young (12288K), 12 survivors (12288K)
 Metaspace       used 94535K, committed 96448K, reserved 1179648K
  class space    used 11310K, committed 12160K, reserved 1048576K
}
Event: 619.717 GC heap before
{Heap before GC invocations=54 (full 0):
 garbage-first heap   total 296960K, used 279192K [0x00000000c3800000, 0x0000000100000000)
  region size 1024K, 172 young (176128K), 12 survivors (12288K)
 Metaspace       used 98713K, committed 100736K, reserved 1179648K
  class space    used 11854K, committed 12736K, reserved 1048576K
}
Event: 619.738 GC heap after
{Heap after GC invocations=55 (full 0):
 garbage-first heap   total 302080K, used 119866K [0x00000000c3800000, 0x0000000100000000)
  region size 1024K, 21 young (21504K), 21 survivors (21504K)
 Metaspace       used 98713K, committed 100736K, reserved 1179648K
  class space    used 11854K, committed 12736K, reserved 1048576K
}
Event: 686.106 GC heap before
{Heap before GC invocations=55 (full 0):
 garbage-first heap   total 302080K, used 276538K [0x00000000c3800000, 0x0000000100000000)
  region size 1024K, 175 young (179200K), 21 survivors (21504K)
 Metaspace       used 102475K, committed 104704K, reserved 1179648K
  class space    used 12393K, committed 13376K, reserved 1048576K
}
Event: 686.131 GC heap after
{Heap after GC invocations=56 (full 0):
 garbage-first heap   total 307200K, used 123787K [0x00000000c3800000, 0x0000000100000000)
  region size 1024K, 18 young (18432K), 18 survivors (18432K)
 Metaspace       used 102475K, committed 104704K, reserved 1179648K
  class space    used 12393K, committed 13376K, reserved 1048576K
}
Event: 687.383 GC heap before
{Heap before GC invocations=56 (full 0):
 garbage-first heap   total 307200K, used 280459K [0x00000000c3800000, 0x0000000100000000)
  region size 1024K, 172 young (176128K), 18 survivors (18432K)
 Metaspace       used 103790K, committed 106240K, reserved 1179648K
  class space    used 12558K, committed 13632K, reserved 1048576K
}
Event: 687.397 GC heap after
{Heap after GC invocations=57 (full 0):
 garbage-first heap   total 307200K, used 128650K [0x00000000c3800000, 0x0000000100000000)
  region size 1024K, 13 young (13312K), 13 survivors (13312K)
 Metaspace       used 103790K, committed 106240K, reserved 1179648K
  class space    used 12558K, committed 13632K, reserved 1048576K
}
Event: 799.376 GC heap before
{Heap before GC invocations=58 (full 0):
 garbage-first heap   total 307200K, used 283274K [0x00000000c3800000, 0x0000000100000000)
  region size 1024K, 165 young (168960K), 13 survivors (13312K)
 Metaspace       used 108659K, committed 111488K, reserved 1179648K
  class space    used 13236K, committed 14528K, reserved 1048576K
}
Event: 799.391 GC heap after
{Heap after GC invocations=59 (full 0):
 garbage-first heap   total 308224K, used 138056K [0x00000000c3800000, 0x0000000100000000)
  region size 1024K, 15 young (15360K), 15 survivors (15360K)
 Metaspace       used 108659K, committed 111488K, reserved 1179648K
  class space    used 13236K, committed 14528K, reserved 1048576K
}

